<?xml version="1.0" encoding="UTF-8"?>
<!-- Generated by org.testng.reporters.JUnitReportReporter -->
<testsuite hostname="DESKTOP-N9JP7FQ" failures="0" tests="1" name="com.Fitpeo.testcases.HomePageTest1" time="6.977" errors="0" timestamp="2024-11-27T11:07:16 IST" skipped="0">
  <testcase classname="com.Fitpeo.testcases.HomePageTest1" name="homepageToApplication" time="6.977"/>
  <system-out>
    <![CDATA[Clicked on Revenue Calculator]]>
  </system-out>
</testsuite> <!-- com.Fitpeo.testcases.HomePageTest1 -->
