<?xml version="1.0" encoding="UTF-8"?>
<!-- Generated by org.testng.reporters.JUnitReportReporter -->
<testsuite hostname="DESKTOP-N9JP7FQ" failures="0" tests="1" name="com.Fitpeo.testcases.HomePageTest" time="7.403" errors="0" timestamp="2024-11-26T19:23:38 IST" skipped="0">
  <testcase classname="com.Fitpeo.testcases.HomePageTest" name="homepageToApplication" time="7.403"/>
  <system-out/>
</testsuite> <!-- com.Fitpeo.testcases.HomePageTest -->
